/home/squirt/.my_conda/envs/adl/lib/python3.12/site-packages/torch/utils/data/dataset.py:449: UserWarning: Length of split at index 1 is 0. This might result in an empty dataset.
  warnings.warn(f"Length of split at index {i} is 0. "
########## Image segmentation training ##########

Number of training examples: 2945
No pretraining
Epoch 1 Loss: 0.5542 Val IOU: 0.4038
Epoch 2 Loss: 0.4813 Val IOU: 0.4701
Epoch 3 Loss: 0.4531 Val IOU: 0.6011
Epoch 4 Loss: 0.4511 Val IOU: 0.6061
Epoch 5 Loss: 0.4199 Val IOU: 0.572
Epoch 6 Loss: 0.4194 Val IOU: 0.6049
Epoch 7 Loss: 0.4031 Val IOU: 0.5549
Epoch 8 Loss: 0.3867 Val IOU: 0.6217
Epoch 9 Loss: 0.3738 Val IOU: 0.6893
Epoch 10 Loss: 0.3691 Val IOU: 0.7015
Epoch 11 Loss: 0.3573 Val IOU: 0.6526
Epoch 12 Loss: 0.3669 Val IOU: 0.7203
Epoch 13 Loss: 0.3304 Val IOU: 0.7111
Epoch 14 Loss: 0.3587 Val IOU: 0.6658
Epoch 15 Loss: 0.3291 Val IOU: 0.6493
Epoch 16 Loss: 0.3183 Val IOU: 0.6308
Epoch 17 Loss: 0.38 Val IOU: 0.7104
Test IOU: 0.724
Done

Image segmentation train with Kaggle dogs and cats pretrain
Epoch 1 Loss: 0.5378 Val IOU: 0.4745
Epoch 2 Loss: 0.4219 Val IOU: 0.6256
Epoch 3 Loss: 0.3983 Val IOU: 0.5358
Epoch 4 Loss: 0.3814 Val IOU: 0.579
Epoch 5 Loss: 0.3841 Val IOU: 0.5663
Epoch 6 Loss: 0.3737 Val IOU: 0.6691
Epoch 7 Loss: 0.3429 Val IOU: 0.7022
Epoch 8 Loss: 0.3274 Val IOU: 0.7315
Epoch 9 Loss: 0.3234 Val IOU: 0.6952
Epoch 10 Loss: 0.3271 Val IOU: 0.7277
Epoch 11 Loss: 0.3321 Val IOU: 0.7295
Epoch 12 Loss: 0.2985 Val IOU: 0.7779
Epoch 13 Loss: 0.2857 Val IOU: 0.7954
Epoch 14 Loss: 0.2803 Val IOU: 0.6948
Epoch 15 Loss: 0.3374 Val IOU: 0.7388
Epoch 16 Loss: 0.2943 Val IOU: 0.7831
Epoch 17 Loss: 0.2759 Val IOU: 0.8225
Epoch 18 Loss: 0.2658 Val IOU: 0.7338
Epoch 19 Loss: 0.337 Val IOU: 0.689
Epoch 20 Loss: 0.3456 Val IOU: 0.7652
Test IOU: 0.8208
Done

Image segmentation train with synthetic data pretrain
Epoch 1 Loss: 0.5025 Val IOU: 0.4477
Epoch 2 Loss: 0.3909 Val IOU: 0.61
Epoch 3 Loss: 0.3878 Val IOU: 0.6229
Epoch 4 Loss: 0.3449 Val IOU: 0.619
Epoch 5 Loss: 0.3949 Val IOU: 0.595
Epoch 6 Loss: 0.4008 Val IOU: 0.4934
Epoch 7 Loss: 0.3961 Val IOU: 0.6415
Epoch 8 Loss: 0.3717 Val IOU: 0.668
Epoch 9 Loss: 0.3428 Val IOU: 0.7217
Epoch 10 Loss: 0.3303 Val IOU: 0.7591
Epoch 11 Loss: 0.3069 Val IOU: 0.7808
Epoch 12 Loss: 0.2904 Val IOU: 0.7546
Epoch 13 Loss: 0.3073 Val IOU: 0.6877
Epoch 14 Loss: 0.2798 Val IOU: 0.6986
Epoch 15 Loss: 0.3085 Val IOU: 0.7784
Epoch 16 Loss: 0.2737 Val IOU: 0.8081
Epoch 17 Loss: 0.2732 Val IOU: 0.8282
Epoch 18 Loss: 0.2568 Val IOU: 0.7222
Epoch 19 Loss: 0.35 Val IOU: 0.7403
Epoch 20 Loss: 0.3009 Val IOU: 0.7422
Test IOU: 0.8238
Done

Number of training examples: 2209
No pretraining
Epoch 1 Loss: 0.5719 Val IOU: 0.4227
Epoch 2 Loss: 0.4683 Val IOU: 0.4726
Epoch 3 Loss: 0.4444 Val IOU: 0.534
Epoch 4 Loss: 0.423 Val IOU: 0.6119
Epoch 5 Loss: 0.4002 Val IOU: 0.6374
Epoch 6 Loss: 0.3756 Val IOU: 0.6806
Epoch 7 Loss: 0.3675 Val IOU: 0.6747
Epoch 8 Loss: 0.3531 Val IOU: 0.6929
Epoch 9 Loss: 0.3451 Val IOU: 0.669
Epoch 10 Loss: 0.3333 Val IOU: 0.7309
Epoch 11 Loss: 0.3148 Val IOU: 0.6704
Epoch 12 Loss: 0.3121 Val IOU: 0.7004
Epoch 13 Loss: 0.2971 Val IOU: 0.7309
Epoch 14 Loss: 0.2956 Val IOU: 0.7731
Epoch 15 Loss: 0.2861 Val IOU: 0.7755
Epoch 16 Loss: 0.2831 Val IOU: 0.7705
Epoch 17 Loss: 0.2617 Val IOU: 0.7913
Epoch 18 Loss: 0.2522 Val IOU: 0.7906
Epoch 19 Loss: 0.2535 Val IOU: 0.8032
Epoch 20 Loss: 0.2483 Val IOU: 0.7865
Test IOU: 0.8209
Done

Image segmentation train with Kaggle dogs and cats pretrain
Epoch 1 Loss: 0.5149 Val IOU: 0.494
Epoch 2 Loss: 0.4033 Val IOU: 0.6001
Epoch 3 Loss: 0.3716 Val IOU: 0.6335
Epoch 4 Loss: 0.3531 Val IOU: 0.6306
Epoch 5 Loss: 0.3333 Val IOU: 0.6548
Epoch 6 Loss: 0.3188 Val IOU: 0.7239
Epoch 7 Loss: 0.3107 Val IOU: 0.6787
Epoch 8 Loss: 0.2966 Val IOU: 0.6725
Epoch 9 Loss: 0.2958 Val IOU: 0.7857
Epoch 10 Loss: 0.2811 Val IOU: 0.7981
Epoch 11 Loss: 0.2664 Val IOU: 0.8095
Epoch 12 Loss: 0.2684 Val IOU: 0.8083
Epoch 13 Loss: 0.2612 Val IOU: 0.7563
Epoch 14 Loss: 0.2465 Val IOU: 0.7803
Epoch 15 Loss: 0.2417 Val IOU: 0.7794
Epoch 16 Loss: 0.2373 Val IOU: 0.7805
Test IOU: 0.8191
Done

Image segmentation train with synthetic data pretrain
Epoch 1 Loss: 0.6008 Val IOU: 0.4545
Epoch 2 Loss: 0.4083 Val IOU: 0.5198
Epoch 3 Loss: 0.3736 Val IOU: 0.7121
Epoch 4 Loss: 0.3377 Val IOU: 0.7577
Epoch 5 Loss: 0.3067 Val IOU: 0.7784
Epoch 6 Loss: 0.2898 Val IOU: 0.7877
Epoch 7 Loss: 0.2713 Val IOU: 0.6889
Epoch 8 Loss: 0.2649 Val IOU: 0.7837
Epoch 9 Loss: 0.258 Val IOU: 0.82
Epoch 10 Loss: 0.2431 Val IOU: 0.8169
Epoch 11 Loss: 0.2462 Val IOU: 0.7791
Epoch 12 Loss: 0.2399 Val IOU: 0.7664
Epoch 13 Loss: 0.2336 Val IOU: 0.8364
Epoch 14 Loss: 0.2194 Val IOU: 0.8396
Epoch 15 Loss: 0.2169 Val IOU: 0.8418
Epoch 16 Loss: 0.2108 Val IOU: 0.8307
Epoch 17 Loss: 0.205 Val IOU: 0.8501
Epoch 18 Loss: 0.1974 Val IOU: 0.8584
Epoch 19 Loss: 0.1911 Val IOU: 0.8577
Epoch 20 Loss: 0.1864 Val IOU: 0.8422
Test IOU: 0.8693
Done

Number of training examples: 1105
No pretraining
Epoch 1 Loss: 0.6311 Val IOU: 0.001972
Epoch 2 Loss: 0.5577 Val IOU: 0.3531
Epoch 3 Loss: 0.4903 Val IOU: 0.4348
Epoch 4 Loss: 0.4556 Val IOU: 0.4163
Epoch 5 Loss: 0.4537 Val IOU: 0.5644
Epoch 6 Loss: 0.4389 Val IOU: 0.5178
Epoch 7 Loss: 0.4221 Val IOU: 0.5331
Epoch 8 Loss: 0.4125 Val IOU: 0.5658
Epoch 9 Loss: 0.4062 Val IOU: 0.6035
Epoch 10 Loss: 0.4007 Val IOU: 0.6486
Epoch 11 Loss: 0.3978 Val IOU: 0.6322
Epoch 12 Loss: 0.3853 Val IOU: 0.6458
Epoch 13 Loss: 0.3769 Val IOU: 0.6504
Epoch 14 Loss: 0.3759 Val IOU: 0.6531
Epoch 15 Loss: 0.3752 Val IOU: 0.6618
Epoch 16 Loss: 0.3593 Val IOU: 0.6995
Epoch 17 Loss: 0.3594 Val IOU: 0.6533
Epoch 18 Loss: 0.3507 Val IOU: 0.651
Epoch 19 Loss: 0.3332 Val IOU: 0.6506
Epoch 20 Loss: 0.3384 Val IOU: 0.7022
Test IOU: 0.7286
Done

Image segmentation train with Kaggle dogs and cats pretrain
Epoch 1 Loss: 0.6171 Val IOU: 0.4594
Epoch 2 Loss: 0.5167 Val IOU: 0.5167
Epoch 3 Loss: 0.4527 Val IOU: 0.4956
Epoch 4 Loss: 0.4107 Val IOU: 0.5543
Epoch 5 Loss: 0.399 Val IOU: 0.5355
Epoch 6 Loss: 0.3739 Val IOU: 0.6066
Epoch 7 Loss: 0.3528 Val IOU: 0.6714
Epoch 8 Loss: 0.3363 Val IOU: 0.7036
Epoch 9 Loss: 0.3258 Val IOU: 0.6897
Epoch 10 Loss: 0.3123 Val IOU: 0.7097
Epoch 11 Loss: 0.2965 Val IOU: 0.7537
Epoch 12 Loss: 0.2924 Val IOU: 0.7345
Epoch 13 Loss: 0.2916 Val IOU: 0.7228
Epoch 14 Loss: 0.2829 Val IOU: 0.7589
Epoch 15 Loss: 0.2737 Val IOU: 0.761
Epoch 16 Loss: 0.2749 Val IOU: 0.7553
Epoch 17 Loss: 0.2636 Val IOU: 0.7507
Epoch 18 Loss: 0.2513 Val IOU: 0.8075
Epoch 19 Loss: 0.2425 Val IOU: 0.8057
Epoch 20 Loss: 0.2487 Val IOU: 0.8146
Test IOU: 0.8235
Done

Image segmentation train with synthetic data pretrain
Epoch 1 Loss: 0.6869 Val IOU: 0.3356
Epoch 2 Loss: 0.512 Val IOU: 0.4233
Epoch 3 Loss: 0.4669 Val IOU: 0.541
Epoch 4 Loss: 0.4221 Val IOU: 0.6481
Epoch 5 Loss: 0.392 Val IOU: 0.6531
Epoch 6 Loss: 0.3596 Val IOU: 0.6482
Epoch 7 Loss: 0.3468 Val IOU: 0.5871
Epoch 8 Loss: 0.3336 Val IOU: 0.7141
Epoch 9 Loss: 0.3317 Val IOU: 0.726
Epoch 10 Loss: 0.314 Val IOU: 0.7521
Epoch 11 Loss: 0.2937 Val IOU: 0.6688
Epoch 12 Loss: 0.2928 Val IOU: 0.7268
Epoch 13 Loss: 0.2838 Val IOU: 0.7631
Epoch 14 Loss: 0.2721 Val IOU: 0.764
Epoch 15 Loss: 0.2583 Val IOU: 0.7264
Epoch 16 Loss: 0.2499 Val IOU: 0.8058
Epoch 17 Loss: 0.2439 Val IOU: 0.7804
Epoch 18 Loss: 0.2409 Val IOU: 0.7925
Epoch 19 Loss: 0.2263 Val IOU: 0.7815
Epoch 20 Loss: 0.2206 Val IOU: 0.8234
Test IOU: 0.8421
Done

Number of training examples: 277
No pretraining
Epoch 1 Loss: 0.7773 Val IOU: 0.2177
Epoch 2 Loss: 0.6891 Val IOU: 0.2992
Epoch 3 Loss: 0.6463 Val IOU: 0.334
Epoch 4 Loss: 0.6311 Val IOU: 0.3335
Epoch 5 Loss: 0.617 Val IOU: 0.005849
Epoch 6 Loss: 0.6127 Val IOU: 0.3045
Epoch 7 Loss: 0.6013 Val IOU: 0.3579
Epoch 8 Loss: 0.5966 Val IOU: 0.1337
Epoch 9 Loss: 0.5917 Val IOU: 0.3115
Epoch 10 Loss: 0.583 Val IOU: 0.3151
Epoch 11 Loss: 0.5727 Val IOU: 0.3771
Epoch 12 Loss: 0.5528 Val IOU: 0.2703
Epoch 13 Loss: 0.55 Val IOU: 0.4371
Epoch 14 Loss: 0.5172 Val IOU: 0.4079
Epoch 15 Loss: 0.5254 Val IOU: 0.3172
Epoch 16 Loss: 0.5038 Val IOU: 0.3663
Epoch 17 Loss: 0.511 Val IOU: 0.4102
Epoch 18 Loss: 0.4989 Val IOU: 0.4352
Test IOU: 0.4538
Done

Image segmentation train with Kaggle dogs and cats pretrain
Epoch 1 Loss: 0.6511 Val IOU: 0.2322
Epoch 2 Loss: 0.6045 Val IOU: 0.1528
Epoch 3 Loss: 0.5657 Val IOU: 0.3985
Epoch 4 Loss: 0.5287 Val IOU: 0.3674
Epoch 5 Loss: 0.5013 Val IOU: 0.3856
Epoch 6 Loss: 0.4828 Val IOU: 0.4182
Epoch 7 Loss: 0.4713 Val IOU: 0.375
Epoch 8 Loss: 0.4632 Val IOU: 0.4315
Epoch 9 Loss: 0.4594 Val IOU: 0.4791
Epoch 10 Loss: 0.4461 Val IOU: 0.505
Epoch 11 Loss: 0.4444 Val IOU: 0.5386
Epoch 12 Loss: 0.4349 Val IOU: 0.5559
Epoch 13 Loss: 0.4237 Val IOU: 0.5159
Epoch 14 Loss: 0.4114 Val IOU: 0.4797
Epoch 15 Loss: 0.4176 Val IOU: 0.5059
Epoch 16 Loss: 0.4001 Val IOU: 0.4736
Epoch 17 Loss: 0.3933 Val IOU: 0.5496
Test IOU: 0.6024
Done

Image segmentation train with synthetic data pretrain
Epoch 1 Loss: 0.6358 Val IOU: 0.2875
Epoch 2 Loss: 0.5741 Val IOU: 0.4319
Epoch 3 Loss: 0.5202 Val IOU: 0.367
Epoch 4 Loss: 0.4916 Val IOU: 0.01006
Epoch 5 Loss: 0.4712 Val IOU: 0.2996
Epoch 6 Loss: 0.4516 Val IOU: 0.4895
Epoch 7 Loss: 0.4371 Val IOU: 0.3364
Epoch 8 Loss: 0.4414 Val IOU: 0.4413
Epoch 9 Loss: 0.4649 Val IOU: 0.4742
Epoch 10 Loss: 0.4197 Val IOU: 0.4936
Epoch 11 Loss: 0.3996 Val IOU: 0.5065
Epoch 12 Loss: 0.3896 Val IOU: 0.5327
Epoch 13 Loss: 0.3895 Val IOU: 0.5888
Epoch 14 Loss: 0.4024 Val IOU: 0.495
Epoch 15 Loss: 0.3778 Val IOU: 0.4705
Epoch 16 Loss: 0.3781 Val IOU: 0.5015
Epoch 17 Loss: 0.3808 Val IOU: 0.4388
Epoch 18 Loss: 0.3765 Val IOU: 0.4318
Test IOU: 0.6205
Done

Number of training examples: 29
No pretraining
Epoch 1 Loss: 0.6892 Val IOU: 0.3254
Epoch 2 Loss: 0.6561 Val IOU: 0.4446
Epoch 3 Loss: 0.6368 Val IOU: 0.3038
Epoch 4 Loss: 0.6017 Val IOU: 0.2748
Epoch 5 Loss: 0.5792 Val IOU: 0.1923
Epoch 6 Loss: 0.5702 Val IOU: 0.161
Epoch 7 Loss: 0.547 Val IOU: 0.115
Test IOU: 0.3383
Done

Image segmentation train with Kaggle dogs and cats pretrain
Epoch 1 Loss: 0.713 Val IOU: 0.3902
Epoch 2 Loss: 0.6621 Val IOU: 0.2778
Epoch 3 Loss: 0.6382 Val IOU: 0.5761
Epoch 4 Loss: 0.6161 Val IOU: 0.4912
Epoch 5 Loss: 0.5708 Val IOU: 0.3529
Epoch 6 Loss: 0.546 Val IOU: 0.4448
Epoch 7 Loss: 0.5251 Val IOU: 0.4234
Epoch 8 Loss: 0.4942 Val IOU: 0.3997
Test IOU: 0.4153
Done

Image segmentation train with synthetic data pretrain
Epoch 1 Loss: 0.7059 Val IOU: 0.5141
Epoch 2 Loss: 0.6447 Val IOU: 0.3501
Epoch 3 Loss: 0.6069 Val IOU: 0.427
Epoch 4 Loss: 0.5769 Val IOU: 0.4436
Epoch 5 Loss: 0.5298 Val IOU: 0.4583
Epoch 6 Loss: 0.4916 Val IOU: 0.361
Test IOU: 0.3432
Done

